<?xml version="1.0" encoding="UTF-8"?>
<robot generator="Robot 6.0.2 (Python 3.11.0 on win32)" generated="20230420 12:28:20.934" rpa="false" schemaversion="3">
<suite id="s1" name="Demo1 Basics" source="C:\Automation Training\RobotProject\selenium_suite\demo1_basics.robot">
<test id="s1-t1" name="TC1" line="5">
<kw name="Open Browser" library="SeleniumLibrary">
<arg>browser=chrome</arg>
<doc>Opens a new browser instance to the optional ``url``.</doc>
<msg timestamp="20230420 12:28:21.262" level="INFO">Opening browser 'chrome' to base url 'None'.</msg>
<status status="PASS" starttime="20230420 12:28:21.262" endtime="20230420 12:28:22.664"/>
</kw>
<kw name="Maximize Browser Window" library="SeleniumLibrary">
<doc>Maximizes current browser window.</doc>
<status status="PASS" starttime="20230420 12:28:22.664" endtime="20230420 12:28:22.783"/>
</kw>
<kw name="Set Selenium Implicit Wait" library="SeleniumLibrary">
<arg>20s</arg>
<doc>Sets the implicit wait value used by Selenium.</doc>
<status status="PASS" starttime="20230420 12:28:22.783" endtime="20230420 12:28:22.783"/>
</kw>
<kw name="Go To" library="SeleniumLibrary">
<arg>url=http://facebook.com</arg>
<doc>Navigates the current browser window to the provided ``url``.</doc>
<msg timestamp="20230420 12:28:22.783" level="INFO">Opening url 'http://facebook.com'</msg>
<status status="PASS" starttime="20230420 12:28:22.783" endtime="20230420 12:28:23.904"/>
</kw>
<kw name="Input Text" library="SeleniumLibrary">
<arg>id:email</arg>
<arg>hello123@gmail.com</arg>
<doc>Types the given ``text`` into the text field identified by ``locator``.</doc>
<msg timestamp="20230420 12:28:23.905" level="INFO">Typing text 'hello123@gmail.com' into text field 'id:email'.</msg>
<status status="PASS" starttime="20230420 12:28:23.904" endtime="20230420 12:28:24.019"/>
</kw>
<kw name="Input Password" library="SeleniumLibrary">
<arg>id=pass</arg>
<arg>wleomce123</arg>
<doc>Types the given password into the text field identified by ``locator``.</doc>
<msg timestamp="20230420 12:28:24.020" level="INFO">Typing password into text field 'id=pass'.</msg>
<msg timestamp="20230420 12:28:24.062" level="INFO">Temporally setting log level to: NONE</msg>
<msg timestamp="20230420 12:28:24.135" level="INFO">Log level changed from NONE to INFO.</msg>
<status status="PASS" starttime="20230420 12:28:24.019" endtime="20230420 12:28:24.135"/>
</kw>
<kw name="Click Element" library="SeleniumLibrary">
<arg>name=login</arg>
<doc>Click the element identified by ``locator``.</doc>
<msg timestamp="20230420 12:28:24.137" level="INFO">Clicking element 'name=login'.</msg>
<status status="PASS" starttime="20230420 12:28:24.136" endtime="20230420 12:28:24.196"/>
</kw>
<status status="PASS" starttime="20230420 12:28:21.262" endtime="20230420 12:28:24.197"/>
</test>
<test id="s1-t2" name="TC2" line="14">
<kw name="Open Browser" library="SeleniumLibrary">
<arg>browser=chrome</arg>
<doc>Opens a new browser instance to the optional ``url``.</doc>
<msg timestamp="20230420 12:28:24.200" level="INFO">Opening browser 'chrome' to base url 'None'.</msg>
<status status="PASS" starttime="20230420 12:28:24.199" endtime="20230420 12:28:25.530"/>
</kw>
<kw name="Maximize Browser Window" library="SeleniumLibrary">
<doc>Maximizes current browser window.</doc>
<status status="PASS" starttime="20230420 12:28:25.531" endtime="20230420 12:28:25.658"/>
</kw>
<kw name="Set Selenium Implicit Wait" library="SeleniumLibrary">
<arg>20s</arg>
<doc>Sets the implicit wait value used by Selenium.</doc>
<status status="PASS" starttime="20230420 12:28:25.659" endtime="20230420 12:28:25.661"/>
</kw>
<kw name="Go To" library="SeleniumLibrary">
<arg>url=http://facebook.com</arg>
<doc>Navigates the current browser window to the provided ``url``.</doc>
<msg timestamp="20230420 12:28:25.661" level="INFO">Opening url 'http://facebook.com'</msg>
<status status="PASS" starttime="20230420 12:28:25.661" endtime="20230420 12:28:26.687"/>
</kw>
<kw name="Element Text Should Be" library="SeleniumLibrary">
<arg>xpath=//h2</arg>
<arg>Facebook helps you connect and share with the people in your life.</arg>
<doc>Verifies that element ``locator`` contains exact the text ``expected``.</doc>
<msg timestamp="20230420 12:28:26.688" level="INFO">Verifying element 'xpath=//h2' contains exact text 'Facebook helps you connect and share with the people in your life.'.</msg>
<status status="PASS" starttime="20230420 12:28:26.687" endtime="20230420 12:28:26.719"/>
</kw>
<kw name="Element Should Contain" library="SeleniumLibrary">
<arg>xpath=//h2</arg>
<arg>Facebook helps you connect</arg>
<doc>Verifies that element ``locator`` contains text ``expected``.</doc>
<msg timestamp="20230420 12:28:26.734" level="INFO">Element 'xpath=//h2' contains text 'Facebook helps you connect'.</msg>
<status status="PASS" starttime="20230420 12:28:26.719" endtime="20230420 12:28:26.734"/>
</kw>
<status status="PASS" starttime="20230420 12:28:24.198" endtime="20230420 12:28:26.735"/>
</test>
<status status="PASS" starttime="20230420 12:28:20.934" endtime="20230420 12:28:26.736"/>
</suite>
<statistics>
<total>
<stat pass="2" fail="0" skip="0">All Tests</stat>
</total>
<tag>
</tag>
<suite>
<stat pass="2" fail="0" skip="0" id="s1" name="Demo1 Basics">Demo1 Basics</stat>
</suite>
</statistics>
<errors>
</errors>
</robot>
