<?xml version="1.0" encoding="UTF-8"?>
<robot generator="Robot 6.0.2 (Python 3.11.0 on win32)" generated="20230420 12:11:23.348" rpa="false" schemaversion="3">
<suite id="s1" name="Demo1 Basics &amp; Demo2 Valid Login &amp; Demo3 Valid Login &amp; Demo4 Valid Login &amp; Demo5 Csv &amp; Demo6 Csv">
<suite id="s1-s1" name="Demo1 Basics" source="C:\Automation Training\RobotProject\selenium_suite\demo1_basics.robot">
<test id="s1-s1-t1" name="TC1" line="5">
<kw name="Open Browser" library="SeleniumLibrary">
<arg>browser=chrome</arg>
<doc>Opens a new browser instance to the optional ``url``.</doc>
<msg timestamp="20230420 12:11:23.692" level="INFO">Opening browser 'chrome' to base url 'None'.</msg>
<status status="PASS" starttime="20230420 12:11:23.692" endtime="20230420 12:11:24.996"/>
</kw>
<kw name="Maximize Browser Window" library="SeleniumLibrary">
<doc>Maximizes current browser window.</doc>
<status status="PASS" starttime="20230420 12:11:24.997" endtime="20230420 12:11:25.123"/>
</kw>
<kw name="Set Selenium Implicit Wait" library="SeleniumLibrary">
<arg>20s</arg>
<doc>Sets the implicit wait value used by Selenium.</doc>
<status status="PASS" starttime="20230420 12:11:25.123" endtime="20230420 12:11:25.124"/>
</kw>
<kw name="Go To" library="SeleniumLibrary">
<arg>url=http://facebook.com</arg>
<doc>Navigates the current browser window to the provided ``url``.</doc>
<msg timestamp="20230420 12:11:25.125" level="INFO">Opening url 'http://facebook.com'</msg>
<status status="PASS" starttime="20230420 12:11:25.125" endtime="20230420 12:11:26.208"/>
</kw>
<kw name="Input Text" library="SeleniumLibrary">
<arg>id:email</arg>
<arg>hello123@gmail.com</arg>
<doc>Types the given ``text`` into the text field identified by ``locator``.</doc>
<msg timestamp="20230420 12:11:26.209" level="INFO">Typing text 'hello123@gmail.com' into text field 'id:email'.</msg>
<status status="PASS" starttime="20230420 12:11:26.208" endtime="20230420 12:11:26.326"/>
</kw>
<kw name="Input Password" library="SeleniumLibrary">
<arg>id=pass</arg>
<arg>wleomce123</arg>
<doc>Types the given password into the text field identified by ``locator``.</doc>
<msg timestamp="20230420 12:11:26.327" level="INFO">Typing password into text field 'id=pass'.</msg>
<msg timestamp="20230420 12:11:26.373" level="INFO">Temporally setting log level to: NONE</msg>
<msg timestamp="20230420 12:11:26.437" level="INFO">Log level changed from NONE to INFO.</msg>
<status status="PASS" starttime="20230420 12:11:26.326" endtime="20230420 12:11:26.437"/>
</kw>
<kw name="Click Element" library="SeleniumLibrary">
<arg>name=login</arg>
<doc>Click the element identified by ``locator``.</doc>
<msg timestamp="20230420 12:11:26.438" level="INFO">Clicking element 'name=login'.</msg>
<status status="PASS" starttime="20230420 12:11:26.437" endtime="20230420 12:11:26.497"/>
</kw>
<status status="PASS" starttime="20230420 12:11:23.692" endtime="20230420 12:11:26.497"/>
</test>
<test id="s1-s1-t2" name="TC2" line="14">
<kw name="Open Browser" library="SeleniumLibrary">
<arg>browser=chrome</arg>
<doc>Opens a new browser instance to the optional ``url``.</doc>
<msg timestamp="20230420 12:11:26.500" level="INFO">Opening browser 'chrome' to base url 'None'.</msg>
<status status="PASS" starttime="20230420 12:11:26.500" endtime="20230420 12:11:27.858"/>
</kw>
<kw name="Maximize Browser Window" library="SeleniumLibrary">
<doc>Maximizes current browser window.</doc>
<status status="PASS" starttime="20230420 12:11:27.858" endtime="20230420 12:11:27.984"/>
</kw>
<kw name="Set Selenium Implicit Wait" library="SeleniumLibrary">
<arg>20s</arg>
<doc>Sets the implicit wait value used by Selenium.</doc>
<status status="PASS" starttime="20230420 12:11:27.984" endtime="20230420 12:11:27.986"/>
</kw>
<kw name="Go To" library="SeleniumLibrary">
<arg>url=http://facebook.com</arg>
<doc>Navigates the current browser window to the provided ``url``.</doc>
<msg timestamp="20230420 12:11:27.987" level="INFO">Opening url 'http://facebook.com'</msg>
<status status="PASS" starttime="20230420 12:11:27.987" endtime="20230420 12:11:29.167"/>
</kw>
<kw name="Element Text Should Be" library="SeleniumLibrary">
<arg>xpath=//h2</arg>
<arg>Facebook helps you connect and share with the people in your life.</arg>
<doc>Verifies that element ``locator`` contains exact the text ``expected``.</doc>
<msg timestamp="20230420 12:11:29.169" level="INFO">Verifying element 'xpath=//h2' contains exact text 'Facebook helps you connect and share with the people in your life.'.</msg>
<status status="PASS" starttime="20230420 12:11:29.168" endtime="20230420 12:11:29.200"/>
</kw>
<kw name="Element Should Contain" library="SeleniumLibrary">
<arg>xpath=//h2</arg>
<arg>Facebook helps you connect</arg>
<doc>Verifies that element ``locator`` contains text ``expected``.</doc>
<msg timestamp="20230420 12:11:29.215" level="INFO">Element 'xpath=//h2' contains text 'Facebook helps you connect'.</msg>
<status status="PASS" starttime="20230420 12:11:29.200" endtime="20230420 12:11:29.215"/>
</kw>
<status status="PASS" starttime="20230420 12:11:26.499" endtime="20230420 12:11:29.215"/>
</test>
<status status="PASS" starttime="20230420 12:11:23.380" endtime="20230420 12:11:29.217"/>
</suite>
<suite id="s1-s2" name="Demo2 Valid Login" source="C:\Automation Training\RobotProject\selenium_suite\demo2_valid_login.robot">
<test id="s1-s2-t1" name="TC1 Valid Login" line="9">
<kw name="Launch Browser" library="base" type="SETUP">
<kw name="Open Browser" library="SeleniumLibrary">
<arg>browser=${BROWSER_NAME}</arg>
<doc>Opens a new browser instance to the optional ``url``.</doc>
<msg timestamp="20230420 12:11:29.229" level="INFO">Opening browser 'edge' to base url 'None'.</msg>
<status status="PASS" starttime="20230420 12:11:29.228" endtime="20230420 12:11:30.608"/>
</kw>
<kw name="Maximize Browser Window" library="SeleniumLibrary">
<doc>Maximizes current browser window.</doc>
<status status="PASS" starttime="20230420 12:11:30.609" endtime="20230420 12:11:30.733"/>
</kw>
<kw name="Set Selenium Implicit Wait" library="SeleniumLibrary">
<arg>20s</arg>
<doc>Sets the implicit wait value used by Selenium.</doc>
<status status="PASS" starttime="20230420 12:11:30.733" endtime="20230420 12:11:30.736"/>
</kw>
<kw name="Go To" library="SeleniumLibrary">
<arg>url=${URL}</arg>
<doc>Navigates the current browser window to the provided ``url``.</doc>
<msg timestamp="20230420 12:11:30.737" level="INFO">Opening url 'https://demo.openemr.io/b/openemr/'</msg>
<status status="PASS" starttime="20230420 12:11:30.736" endtime="20230420 12:11:34.621"/>
</kw>
<status status="PASS" starttime="20230420 12:11:29.228" endtime="20230420 12:11:34.621"/>
</kw>
<kw name="Input Text" library="SeleniumLibrary">
<arg>id=authUser</arg>
<arg>physician</arg>
<doc>Types the given ``text`` into the text field identified by ``locator``.</doc>
<msg timestamp="20230420 12:11:34.623" level="INFO">Typing text 'physician' into text field 'id=authUser'.</msg>
<status status="PASS" starttime="20230420 12:11:34.622" endtime="20230420 12:11:34.721"/>
</kw>
<kw name="Input Password" library="SeleniumLibrary">
<arg>id=clearPass</arg>
<arg>physician</arg>
<doc>Types the given password into the text field identified by ``locator``.</doc>
<msg timestamp="20230420 12:11:34.722" level="INFO">Typing password into text field 'id=clearPass'.</msg>
<msg timestamp="20230420 12:11:34.766" level="INFO">Temporally setting log level to: NONE</msg>
<msg timestamp="20230420 12:11:34.825" level="INFO">Log level changed from NONE to INFO.</msg>
<status status="PASS" starttime="20230420 12:11:34.722" endtime="20230420 12:11:34.825"/>
</kw>
<kw name="Select From List By Label" library="SeleniumLibrary">
<arg>xpath=//select[@name='languageChoice']</arg>
<arg>English (Indian)</arg>
<doc>Selects options from selection list ``locator`` by ``labels``.</doc>
<msg timestamp="20230420 12:11:34.826" level="INFO">Selecting options from selection list 'xpath=//select[@name='languageChoice']' by label English (Indian).</msg>
<status status="PASS" starttime="20230420 12:11:34.826" endtime="20230420 12:11:34.909"/>
</kw>
<kw name="Click Element" library="SeleniumLibrary">
<arg>css=#login-button</arg>
<doc>Click the element identified by ``locator``.</doc>
<msg timestamp="20230420 12:11:34.911" level="INFO">Clicking element 'css=#login-button'.</msg>
<status status="PASS" starttime="20230420 12:11:34.910" endtime="20230420 12:11:39.555"/>
</kw>
<kw name="Title Should Be" library="SeleniumLibrary">
<arg>OpenEMR</arg>
<doc>Verifies that the current page title equals ``title``.</doc>
<msg timestamp="20230420 12:11:39.561" level="INFO">Page title is 'OpenEMR'.</msg>
<status status="PASS" starttime="20230420 12:11:39.556" endtime="20230420 12:11:39.561"/>
</kw>
<kw name="Close Browser" library="SeleniumLibrary" type="TEARDOWN">
<doc>Closes the current browser.</doc>
<status status="PASS" starttime="20230420 12:11:39.561" endtime="20230420 12:11:41.672"/>
</kw>
<status status="PASS" starttime="20230420 12:11:29.227" endtime="20230420 12:11:41.673"/>
</test>
<status status="PASS" starttime="20230420 12:11:29.219" endtime="20230420 12:11:41.674"/>
</suite>
<suite id="s1-s3" name="Demo3 Valid Login" source="C:\Automation Training\RobotProject\selenium_suite\demo3_valid_login.robot">
<test id="s1-s3-t1" name="TC1" line="12">
<kw name="Launch Browser" library="base" type="SETUP">
<kw name="Open Browser" library="SeleniumLibrary">
<arg>browser=${BROWSER_NAME}</arg>
<doc>Opens a new browser instance to the optional ``url``.</doc>
<msg timestamp="20230420 12:11:41.684" level="INFO">Opening browser 'edge' to base url 'None'.</msg>
<status status="PASS" starttime="20230420 12:11:41.684" endtime="20230420 12:11:43.059"/>
</kw>
<kw name="Maximize Browser Window" library="SeleniumLibrary">
<doc>Maximizes current browser window.</doc>
<status status="PASS" starttime="20230420 12:11:43.059" endtime="20230420 12:11:43.197"/>
</kw>
<kw name="Set Selenium Implicit Wait" library="SeleniumLibrary">
<arg>20s</arg>
<doc>Sets the implicit wait value used by Selenium.</doc>
<status status="PASS" starttime="20230420 12:11:43.198" endtime="20230420 12:11:43.201"/>
</kw>
<kw name="Go To" library="SeleniumLibrary">
<arg>url=${URL}</arg>
<doc>Navigates the current browser window to the provided ``url``.</doc>
<msg timestamp="20230420 12:11:43.202" level="INFO">Opening url 'https://demo.openemr.io/b/openemr/'</msg>
<status status="PASS" starttime="20230420 12:11:43.202" endtime="20230420 12:11:46.947"/>
</kw>
<status status="PASS" starttime="20230420 12:11:41.684" endtime="20230420 12:11:46.947"/>
</kw>
<kw name="Valid Login Template">
<arg>admin</arg>
<arg>pass</arg>
<arg>English (Indian)</arg>
<arg>OpenEMR</arg>
<kw name="Input Text" library="SeleniumLibrary">
<arg>id=authUser</arg>
<arg>${username}</arg>
<doc>Types the given ``text`` into the text field identified by ``locator``.</doc>
<msg timestamp="20230420 12:11:46.949" level="INFO">Typing text 'admin' into text field 'id=authUser'.</msg>
<status status="PASS" starttime="20230420 12:11:46.948" endtime="20230420 12:11:47.027"/>
</kw>
<kw name="Input Password" library="SeleniumLibrary">
<arg>id=clearPass</arg>
<arg>${password}</arg>
<doc>Types the given password into the text field identified by ``locator``.</doc>
<msg timestamp="20230420 12:11:47.028" level="INFO">Typing password into text field 'id=clearPass'.</msg>
<msg timestamp="20230420 12:11:47.060" level="INFO">Temporally setting log level to: NONE</msg>
<msg timestamp="20230420 12:11:47.118" level="INFO">Log level changed from NONE to INFO.</msg>
<status status="PASS" starttime="20230420 12:11:47.027" endtime="20230420 12:11:47.118"/>
</kw>
<kw name="Select From List By Label" library="SeleniumLibrary">
<arg>xpath=//select[@name='languageChoice']</arg>
<arg>${language}</arg>
<doc>Selects options from selection list ``locator`` by ``labels``.</doc>
<msg timestamp="20230420 12:11:47.118" level="INFO">Selecting options from selection list 'xpath=//select[@name='languageChoice']' by label English (Indian).</msg>
<status status="PASS" starttime="20230420 12:11:47.118" endtime="20230420 12:11:47.200"/>
</kw>
<kw name="Click Element" library="SeleniumLibrary">
<arg>css=#login-button</arg>
<doc>Click the element identified by ``locator``.</doc>
<msg timestamp="20230420 12:11:47.201" level="INFO">Clicking element 'css=#login-button'.</msg>
<status status="PASS" starttime="20230420 12:11:47.201" endtime="20230420 12:11:52.101"/>
</kw>
<kw name="Title Should Be" library="SeleniumLibrary">
<arg>${expected_title}</arg>
<doc>Verifies that the current page title equals ``title``.</doc>
<msg timestamp="20230420 12:11:52.106" level="INFO">Page title is 'OpenEMR'.</msg>
<status status="PASS" starttime="20230420 12:11:52.101" endtime="20230420 12:11:52.106"/>
</kw>
<status status="PASS" starttime="20230420 12:11:46.948" endtime="20230420 12:11:52.106"/>
</kw>
<kw name="Close Browser" library="SeleniumLibrary" type="TEARDOWN">
<doc>Closes the current browser.</doc>
<status status="PASS" starttime="20230420 12:11:52.107" endtime="20230420 12:11:54.231"/>
</kw>
<status status="PASS" starttime="20230420 12:11:41.683" endtime="20230420 12:11:54.231"/>
</test>
<test id="s1-s3-t2" name="TC2" line="13">
<kw name="Launch Browser" library="base" type="SETUP">
<kw name="Open Browser" library="SeleniumLibrary">
<arg>browser=${BROWSER_NAME}</arg>
<doc>Opens a new browser instance to the optional ``url``.</doc>
<msg timestamp="20230420 12:11:54.231" level="INFO">Opening browser 'edge' to base url 'None'.</msg>
<status status="PASS" starttime="20230420 12:11:54.231" endtime="20230420 12:11:55.602"/>
</kw>
<kw name="Maximize Browser Window" library="SeleniumLibrary">
<doc>Maximizes current browser window.</doc>
<status status="PASS" starttime="20230420 12:11:55.603" endtime="20230420 12:11:55.738"/>
</kw>
<kw name="Set Selenium Implicit Wait" library="SeleniumLibrary">
<arg>20s</arg>
<doc>Sets the implicit wait value used by Selenium.</doc>
<status status="PASS" starttime="20230420 12:11:55.738" endtime="20230420 12:11:55.738"/>
</kw>
<kw name="Go To" library="SeleniumLibrary">
<arg>url=${URL}</arg>
<doc>Navigates the current browser window to the provided ``url``.</doc>
<msg timestamp="20230420 12:11:55.738" level="INFO">Opening url 'https://demo.openemr.io/b/openemr/'</msg>
<status status="PASS" starttime="20230420 12:11:55.738" endtime="20230420 12:11:59.659"/>
</kw>
<status status="PASS" starttime="20230420 12:11:54.231" endtime="20230420 12:11:59.659"/>
</kw>
<kw name="Valid Login Template">
<arg>physician</arg>
<arg>physician</arg>
<arg>English (Indian)</arg>
<arg>OpenEMR</arg>
<kw name="Input Text" library="SeleniumLibrary">
<arg>id=authUser</arg>
<arg>${username}</arg>
<doc>Types the given ``text`` into the text field identified by ``locator``.</doc>
<msg timestamp="20230420 12:11:59.661" level="INFO">Typing text 'physician' into text field 'id=authUser'.</msg>
<status status="PASS" starttime="20230420 12:11:59.660" endtime="20230420 12:11:59.747"/>
</kw>
<kw name="Input Password" library="SeleniumLibrary">
<arg>id=clearPass</arg>
<arg>${password}</arg>
<doc>Types the given password into the text field identified by ``locator``.</doc>
<msg timestamp="20230420 12:11:59.748" level="INFO">Typing password into text field 'id=clearPass'.</msg>
<msg timestamp="20230420 12:11:59.779" level="INFO">Temporally setting log level to: NONE</msg>
<msg timestamp="20230420 12:11:59.846" level="INFO">Log level changed from NONE to INFO.</msg>
<status status="PASS" starttime="20230420 12:11:59.747" endtime="20230420 12:11:59.846"/>
</kw>
<kw name="Select From List By Label" library="SeleniumLibrary">
<arg>xpath=//select[@name='languageChoice']</arg>
<arg>${language}</arg>
<doc>Selects options from selection list ``locator`` by ``labels``.</doc>
<msg timestamp="20230420 12:11:59.847" level="INFO">Selecting options from selection list 'xpath=//select[@name='languageChoice']' by label English (Indian).</msg>
<status status="PASS" starttime="20230420 12:11:59.846" endtime="20230420 12:11:59.925"/>
</kw>
<kw name="Click Element" library="SeleniumLibrary">
<arg>css=#login-button</arg>
<doc>Click the element identified by ``locator``.</doc>
<msg timestamp="20230420 12:11:59.926" level="INFO">Clicking element 'css=#login-button'.</msg>
<status status="PASS" starttime="20230420 12:11:59.925" endtime="20230420 12:12:04.871"/>
</kw>
<kw name="Title Should Be" library="SeleniumLibrary">
<arg>${expected_title}</arg>
<doc>Verifies that the current page title equals ``title``.</doc>
<msg timestamp="20230420 12:12:04.879" level="INFO">Page title is 'OpenEMR'.</msg>
<status status="PASS" starttime="20230420 12:12:04.872" endtime="20230420 12:12:04.880"/>
</kw>
<status status="PASS" starttime="20230420 12:11:59.660" endtime="20230420 12:12:04.880"/>
</kw>
<kw name="Close Browser" library="SeleniumLibrary" type="TEARDOWN">
<doc>Closes the current browser.</doc>
<status status="PASS" starttime="20230420 12:12:04.880" endtime="20230420 12:12:07.001"/>
</kw>
<status status="PASS" starttime="20230420 12:11:54.231" endtime="20230420 12:12:07.001"/>
</test>
<doc>This helps to understand test template concepts</doc>
<status status="PASS" starttime="20230420 12:11:41.676" endtime="20230420 12:12:07.001"/>
</suite>
<suite id="s1-s4" name="Demo4 Valid Login" source="C:\Automation Training\RobotProject\selenium_suite\demo4_valid_login.robot">
<test id="s1-s4-t1" name="TC1" line="11">
<kw name="Launch Browser" library="base" type="SETUP">
<kw name="Open Browser" library="SeleniumLibrary">
<arg>browser=${BROWSER_NAME}</arg>
<doc>Opens a new browser instance to the optional ``url``.</doc>
<msg timestamp="20230420 12:12:08.001" level="INFO">Opening browser 'edge' to base url 'None'.</msg>
<status status="PASS" starttime="20230420 12:12:08.001" endtime="20230420 12:12:09.315"/>
</kw>
<kw name="Maximize Browser Window" library="SeleniumLibrary">
<doc>Maximizes current browser window.</doc>
<status status="PASS" starttime="20230420 12:12:09.315" endtime="20230420 12:12:09.442"/>
</kw>
<kw name="Set Selenium Implicit Wait" library="SeleniumLibrary">
<arg>20s</arg>
<doc>Sets the implicit wait value used by Selenium.</doc>
<status status="PASS" starttime="20230420 12:12:09.443" endtime="20230420 12:12:09.446"/>
</kw>
<kw name="Go To" library="SeleniumLibrary">
<arg>url=${URL}</arg>
<doc>Navigates the current browser window to the provided ``url``.</doc>
<msg timestamp="20230420 12:12:09.447" level="INFO">Opening url 'https://demo.openemr.io/b/openemr/'</msg>
<status status="PASS" starttime="20230420 12:12:09.446" endtime="20230420 12:12:13.335"/>
</kw>
<status status="PASS" starttime="20230420 12:12:08.001" endtime="20230420 12:12:13.335"/>
</kw>
<kw name="Valid Login Template">
<arg>accountant</arg>
<arg>accountant</arg>
<arg>English (Indian)</arg>
<arg>OpenEMR</arg>
<kw name="Input Text" library="SeleniumLibrary">
<arg>id=authUser</arg>
<arg>${username}</arg>
<doc>Types the given ``text`` into the text field identified by ``locator``.</doc>
<msg timestamp="20230420 12:12:13.337" level="INFO">Typing text 'accountant' into text field 'id=authUser'.</msg>
<status status="PASS" starttime="20230420 12:12:13.336" endtime="20230420 12:12:13.427"/>
</kw>
<kw name="Input Password" library="SeleniumLibrary">
<arg>id=clearPass</arg>
<arg>${password}</arg>
<doc>Types the given password into the text field identified by ``locator``.</doc>
<msg timestamp="20230420 12:12:13.428" level="INFO">Typing password into text field 'id=clearPass'.</msg>
<msg timestamp="20230420 12:12:13.466" level="INFO">Temporally setting log level to: NONE</msg>
<msg timestamp="20230420 12:12:13.528" level="INFO">Log level changed from NONE to INFO.</msg>
<status status="PASS" starttime="20230420 12:12:13.427" endtime="20230420 12:12:13.528"/>
</kw>
<kw name="Select From List By Label" library="SeleniumLibrary">
<arg>xpath=//select[@name='languageChoice']</arg>
<arg>${language}</arg>
<doc>Selects options from selection list ``locator`` by ``labels``.</doc>
<msg timestamp="20230420 12:12:13.529" level="INFO">Selecting options from selection list 'xpath=//select[@name='languageChoice']' by label English (Indian).</msg>
<status status="PASS" starttime="20230420 12:12:13.528" endtime="20230420 12:12:13.614"/>
</kw>
<kw name="Click Element" library="SeleniumLibrary">
<arg>css=#login-button</arg>
<doc>Click the element identified by ``locator``.</doc>
<msg timestamp="20230420 12:12:13.615" level="INFO">Clicking element 'css=#login-button'.</msg>
<status status="PASS" starttime="20230420 12:12:13.614" endtime="20230420 12:12:18.099"/>
</kw>
<kw name="Title Should Be" library="SeleniumLibrary">
<arg>${expected_title}</arg>
<doc>Verifies that the current page title equals ``title``.</doc>
<msg timestamp="20230420 12:12:18.103" level="INFO">Page title is 'OpenEMR'.</msg>
<status status="PASS" starttime="20230420 12:12:18.099" endtime="20230420 12:12:18.103"/>
</kw>
<status status="PASS" starttime="20230420 12:12:13.336" endtime="20230420 12:12:18.103"/>
</kw>
<kw name="Close Browser" library="SeleniumLibrary" type="TEARDOWN">
<doc>Closes the current browser.</doc>
<status status="PASS" starttime="20230420 12:12:18.104" endtime="20230420 12:12:20.230"/>
</kw>
<status status="PASS" starttime="20230420 12:12:07.985" endtime="20230420 12:12:20.230"/>
</test>
<test id="s1-s4-t2" name="TC1" line="11">
<kw name="Launch Browser" library="base" type="SETUP">
<kw name="Open Browser" library="SeleniumLibrary">
<arg>browser=${BROWSER_NAME}</arg>
<doc>Opens a new browser instance to the optional ``url``.</doc>
<msg timestamp="20230420 12:12:20.230" level="INFO">Opening browser 'edge' to base url 'None'.</msg>
<status status="PASS" starttime="20230420 12:12:20.230" endtime="20230420 12:12:21.604"/>
</kw>
<kw name="Maximize Browser Window" library="SeleniumLibrary">
<doc>Maximizes current browser window.</doc>
<status status="PASS" starttime="20230420 12:12:21.604" endtime="20230420 12:12:21.732"/>
</kw>
<kw name="Set Selenium Implicit Wait" library="SeleniumLibrary">
<arg>20s</arg>
<doc>Sets the implicit wait value used by Selenium.</doc>
<status status="PASS" starttime="20230420 12:12:21.732" endtime="20230420 12:12:21.732"/>
</kw>
<kw name="Go To" library="SeleniumLibrary">
<arg>url=${URL}</arg>
<doc>Navigates the current browser window to the provided ``url``.</doc>
<msg timestamp="20230420 12:12:21.732" level="INFO">Opening url 'https://demo.openemr.io/b/openemr/'</msg>
<status status="PASS" starttime="20230420 12:12:21.732" endtime="20230420 12:12:25.726"/>
</kw>
<status status="PASS" starttime="20230420 12:12:20.230" endtime="20230420 12:12:25.726"/>
</kw>
<kw name="Valid Login Template">
<arg>admin</arg>
<arg>pass</arg>
<arg>English (Indian)</arg>
<arg>OpenEMR</arg>
<kw name="Input Text" library="SeleniumLibrary">
<arg>id=authUser</arg>
<arg>${username}</arg>
<doc>Types the given ``text`` into the text field identified by ``locator``.</doc>
<msg timestamp="20230420 12:12:25.728" level="INFO">Typing text 'admin' into text field 'id=authUser'.</msg>
<status status="PASS" starttime="20230420 12:12:25.727" endtime="20230420 12:12:25.806"/>
</kw>
<kw name="Input Password" library="SeleniumLibrary">
<arg>id=clearPass</arg>
<arg>${password}</arg>
<doc>Types the given password into the text field identified by ``locator``.</doc>
<msg timestamp="20230420 12:12:25.807" level="INFO">Typing password into text field 'id=clearPass'.</msg>
<msg timestamp="20230420 12:12:25.841" level="INFO">Temporally setting log level to: NONE</msg>
<msg timestamp="20230420 12:12:25.899" level="INFO">Log level changed from NONE to INFO.</msg>
<status status="PASS" starttime="20230420 12:12:25.807" endtime="20230420 12:12:25.900"/>
</kw>
<kw name="Select From List By Label" library="SeleniumLibrary">
<arg>xpath=//select[@name='languageChoice']</arg>
<arg>${language}</arg>
<doc>Selects options from selection list ``locator`` by ``labels``.</doc>
<msg timestamp="20230420 12:12:25.900" level="INFO">Selecting options from selection list 'xpath=//select[@name='languageChoice']' by label English (Indian).</msg>
<status status="PASS" starttime="20230420 12:12:25.900" endtime="20230420 12:12:25.978"/>
</kw>
<kw name="Click Element" library="SeleniumLibrary">
<arg>css=#login-button</arg>
<doc>Click the element identified by ``locator``.</doc>
<msg timestamp="20230420 12:12:25.979" level="INFO">Clicking element 'css=#login-button'.</msg>
<status status="PASS" starttime="20230420 12:12:25.978" endtime="20230420 12:12:30.434"/>
</kw>
<kw name="Title Should Be" library="SeleniumLibrary">
<arg>${expected_title}</arg>
<doc>Verifies that the current page title equals ``title``.</doc>
<msg timestamp="20230420 12:12:30.442" level="INFO">Page title is 'OpenEMR'.</msg>
<status status="PASS" starttime="20230420 12:12:30.434" endtime="20230420 12:12:30.442"/>
</kw>
<status status="PASS" starttime="20230420 12:12:25.727" endtime="20230420 12:12:30.442"/>
</kw>
<kw name="Close Browser" library="SeleniumLibrary" type="TEARDOWN">
<doc>Closes the current browser.</doc>
<status status="PASS" starttime="20230420 12:12:30.443" endtime="20230420 12:12:32.586"/>
</kw>
<status status="PASS" starttime="20230420 12:12:20.230" endtime="20230420 12:12:32.586"/>
</test>
<doc>This helps to understand test template concepts with excel</doc>
<status status="PASS" starttime="20230420 12:12:07.001" endtime="20230420 12:12:32.586"/>
</suite>
<suite id="s1-s5" name="Demo5 Csv" source="C:\Automation Training\RobotProject\selenium_suite\demo5_csv.robot">
<test id="s1-s5-t1" name="TC1" line="14">
<kw name="Launch Browser" library="base" type="SETUP">
<kw name="Open Browser" library="SeleniumLibrary">
<arg>browser=${BROWSER_NAME}</arg>
<doc>Opens a new browser instance to the optional ``url``.</doc>
<msg timestamp="20230420 12:12:32.602" level="INFO">Opening browser 'edge' to base url 'None'.</msg>
<status status="PASS" starttime="20230420 12:12:32.602" endtime="20230420 12:12:33.986"/>
</kw>
<kw name="Maximize Browser Window" library="SeleniumLibrary">
<doc>Maximizes current browser window.</doc>
<status status="PASS" starttime="20230420 12:12:33.986" endtime="20230420 12:12:34.110"/>
</kw>
<kw name="Set Selenium Implicit Wait" library="SeleniumLibrary">
<arg>20s</arg>
<doc>Sets the implicit wait value used by Selenium.</doc>
<status status="PASS" starttime="20230420 12:12:34.110" endtime="20230420 12:12:34.113"/>
</kw>
<kw name="Go To" library="SeleniumLibrary">
<arg>url=${URL}</arg>
<doc>Navigates the current browser window to the provided ``url``.</doc>
<msg timestamp="20230420 12:12:34.114" level="INFO">Opening url 'https://demo.openemr.io/b/openemr/'</msg>
<status status="PASS" starttime="20230420 12:12:34.113" endtime="20230420 12:12:38.509"/>
</kw>
<status status="PASS" starttime="20230420 12:12:32.602" endtime="20230420 12:12:38.509"/>
</kw>
<kw name="Valid Login Template">
<arg>accountant</arg>
<arg>accountant</arg>
<arg>English (Indian)</arg>
<arg>OpenEMR</arg>
<kw name="Input Text" library="SeleniumLibrary">
<arg>id=authUser</arg>
<arg>${username}</arg>
<doc>Types the given ``text`` into the text field identified by ``locator``.</doc>
<msg timestamp="20230420 12:12:38.510" level="INFO">Typing text 'accountant' into text field 'id=authUser'.</msg>
<status status="PASS" starttime="20230420 12:12:38.510" endtime="20230420 12:12:38.599"/>
</kw>
<kw name="Input Password" library="SeleniumLibrary">
<arg>id=clearPass</arg>
<arg>${password}</arg>
<doc>Types the given password into the text field identified by ``locator``.</doc>
<msg timestamp="20230420 12:12:38.600" level="INFO">Typing password into text field 'id=clearPass'.</msg>
<msg timestamp="20230420 12:12:38.638" level="INFO">Temporally setting log level to: NONE</msg>
<msg timestamp="20230420 12:12:38.699" level="INFO">Log level changed from NONE to INFO.</msg>
<status status="PASS" starttime="20230420 12:12:38.600" endtime="20230420 12:12:38.699"/>
</kw>
<kw name="Select From List By Label" library="SeleniumLibrary">
<arg>xpath=//select[@name='languageChoice']</arg>
<arg>${language}</arg>
<doc>Selects options from selection list ``locator`` by ``labels``.</doc>
<msg timestamp="20230420 12:12:38.700" level="INFO">Selecting options from selection list 'xpath=//select[@name='languageChoice']' by label English (Indian).</msg>
<status status="PASS" starttime="20230420 12:12:38.699" endtime="20230420 12:12:38.778"/>
</kw>
<kw name="Click Element" library="SeleniumLibrary">
<arg>css=#login-button</arg>
<doc>Click the element identified by ``locator``.</doc>
<msg timestamp="20230420 12:12:38.779" level="INFO">Clicking element 'css=#login-button'.</msg>
<status status="PASS" starttime="20230420 12:12:38.778" endtime="20230420 12:12:43.643"/>
</kw>
<kw name="Title Should Be" library="SeleniumLibrary">
<arg>${expected_title}</arg>
<doc>Verifies that the current page title equals ``title``.</doc>
<msg timestamp="20230420 12:12:43.649" level="INFO">Page title is 'OpenEMR'.</msg>
<status status="PASS" starttime="20230420 12:12:43.644" endtime="20230420 12:12:43.649"/>
</kw>
<status status="PASS" starttime="20230420 12:12:38.509" endtime="20230420 12:12:43.649"/>
</kw>
<kw name="Close Browser" library="SeleniumLibrary" type="TEARDOWN">
<doc>Closes the current browser.</doc>
<status status="PASS" starttime="20230420 12:12:43.650" endtime="20230420 12:12:45.793"/>
</kw>
<status status="PASS" starttime="20230420 12:12:32.602" endtime="20230420 12:12:45.793"/>
</test>
<test id="s1-s5-t2" name="TC1" line="14">
<kw name="Launch Browser" library="base" type="SETUP">
<kw name="Open Browser" library="SeleniumLibrary">
<arg>browser=${BROWSER_NAME}</arg>
<doc>Opens a new browser instance to the optional ``url``.</doc>
<msg timestamp="20230420 12:12:45.793" level="INFO">Opening browser 'edge' to base url 'None'.</msg>
<status status="PASS" starttime="20230420 12:12:45.793" endtime="20230420 12:12:47.141"/>
</kw>
<kw name="Maximize Browser Window" library="SeleniumLibrary">
<doc>Maximizes current browser window.</doc>
<status status="PASS" starttime="20230420 12:12:47.141" endtime="20230420 12:12:47.271"/>
</kw>
<kw name="Set Selenium Implicit Wait" library="SeleniumLibrary">
<arg>20s</arg>
<doc>Sets the implicit wait value used by Selenium.</doc>
<status status="PASS" starttime="20230420 12:12:47.271" endtime="20230420 12:12:47.271"/>
</kw>
<kw name="Go To" library="SeleniumLibrary">
<arg>url=${URL}</arg>
<doc>Navigates the current browser window to the provided ``url``.</doc>
<msg timestamp="20230420 12:12:47.271" level="INFO">Opening url 'https://demo.openemr.io/b/openemr/'</msg>
<status status="PASS" starttime="20230420 12:12:47.271" endtime="20230420 12:12:53.138"/>
</kw>
<status status="PASS" starttime="20230420 12:12:45.793" endtime="20230420 12:12:53.139"/>
</kw>
<kw name="Valid Login Template">
<arg>accountant</arg>
<arg>accountant</arg>
<arg>English (Indian)</arg>
<arg>OpenEMR</arg>
<kw name="Input Text" library="SeleniumLibrary">
<arg>id=authUser</arg>
<arg>${username}</arg>
<doc>Types the given ``text`` into the text field identified by ``locator``.</doc>
<msg timestamp="20230420 12:12:53.143" level="INFO">Typing text 'accountant' into text field 'id=authUser'.</msg>
<status status="PASS" starttime="20230420 12:12:53.142" endtime="20230420 12:12:53.232"/>
</kw>
<kw name="Input Password" library="SeleniumLibrary">
<arg>id=clearPass</arg>
<arg>${password}</arg>
<doc>Types the given password into the text field identified by ``locator``.</doc>
<msg timestamp="20230420 12:12:53.233" level="INFO">Typing password into text field 'id=clearPass'.</msg>
<msg timestamp="20230420 12:12:53.274" level="INFO">Temporally setting log level to: NONE</msg>
<msg timestamp="20230420 12:12:53.332" level="INFO">Log level changed from NONE to INFO.</msg>
<status status="PASS" starttime="20230420 12:12:53.232" endtime="20230420 12:12:53.332"/>
</kw>
<kw name="Select From List By Label" library="SeleniumLibrary">
<arg>xpath=//select[@name='languageChoice']</arg>
<arg>${language}</arg>
<doc>Selects options from selection list ``locator`` by ``labels``.</doc>
<msg timestamp="20230420 12:12:53.333" level="INFO">Selecting options from selection list 'xpath=//select[@name='languageChoice']' by label English (Indian).</msg>
<status status="PASS" starttime="20230420 12:12:53.332" endtime="20230420 12:12:53.419"/>
</kw>
<kw name="Click Element" library="SeleniumLibrary">
<arg>css=#login-button</arg>
<doc>Click the element identified by ``locator``.</doc>
<msg timestamp="20230420 12:12:53.419" level="INFO">Clicking element 'css=#login-button'.</msg>
<status status="PASS" starttime="20230420 12:12:53.419" endtime="20230420 12:12:58.262"/>
</kw>
<kw name="Title Should Be" library="SeleniumLibrary">
<arg>${expected_title}</arg>
<doc>Verifies that the current page title equals ``title``.</doc>
<msg timestamp="20230420 12:12:58.270" level="INFO">Page title is 'OpenEMR'.</msg>
<status status="PASS" starttime="20230420 12:12:58.262" endtime="20230420 12:12:58.270"/>
</kw>
<status status="PASS" starttime="20230420 12:12:53.142" endtime="20230420 12:12:58.270"/>
</kw>
<kw name="Close Browser" library="SeleniumLibrary" type="TEARDOWN">
<doc>Closes the current browser.</doc>
<status status="PASS" starttime="20230420 12:12:58.271" endtime="20230420 12:13:00.412"/>
</kw>
<status status="PASS" starttime="20230420 12:12:45.793" endtime="20230420 12:13:00.412"/>
</test>
<doc>This helps to understand test template concepts</doc>
<status status="PASS" starttime="20230420 12:12:32.586" endtime="20230420 12:13:00.412"/>
</suite>
<suite id="s1-s6" name="Demo6 Csv" source="C:\Automation Training\RobotProject\selenium_suite\demo6_csv.robot">
<test id="s1-s6-t1" name="TC1" line="15">
<kw name="Launch Browser" library="base" type="SETUP">
<kw name="Open Browser" library="SeleniumLibrary">
<arg>browser=${BROWSER_NAME}</arg>
<doc>Opens a new browser instance to the optional ``url``.</doc>
<msg timestamp="20230420 12:13:00.428" level="INFO">Opening browser 'edge' to base url 'None'.</msg>
<status status="PASS" starttime="20230420 12:13:00.428" endtime="20230420 12:13:01.849"/>
</kw>
<kw name="Maximize Browser Window" library="SeleniumLibrary">
<doc>Maximizes current browser window.</doc>
<status status="PASS" starttime="20230420 12:13:01.849" endtime="20230420 12:13:01.980"/>
</kw>
<kw name="Set Selenium Implicit Wait" library="SeleniumLibrary">
<arg>20s</arg>
<doc>Sets the implicit wait value used by Selenium.</doc>
<status status="PASS" starttime="20230420 12:13:01.980" endtime="20230420 12:13:01.987"/>
</kw>
<kw name="Go To" library="SeleniumLibrary">
<arg>url=${URL}</arg>
<doc>Navigates the current browser window to the provided ``url``.</doc>
<msg timestamp="20230420 12:13:01.987" level="INFO">Opening url 'https://demo.openemr.io/b/openemr/'</msg>
<status status="PASS" starttime="20230420 12:13:01.987" endtime="20230420 12:13:06.569"/>
</kw>
<status status="PASS" starttime="20230420 12:13:00.428" endtime="20230420 12:13:06.569"/>
</kw>
<kw name="Valid Login Template">
<arg>accountant</arg>
<arg>accountant</arg>
<arg>English (Indian)</arg>
<arg>OpenEMR</arg>
<kw name="Enter Username" library="LoginPage">
<arg>${username}</arg>
<kw name="Input Text" library="SeleniumLibrary">
<arg>${USERNAME_LOCATOR}</arg>
<arg>${username}</arg>
<doc>Types the given ``text`` into the text field identified by ``locator``.</doc>
<msg timestamp="20230420 12:13:06.572" level="INFO">Typing text 'accountant' into text field 'id=authUser'.</msg>
<status status="PASS" starttime="20230420 12:13:06.572" endtime="20230420 12:13:06.664"/>
</kw>
<status status="PASS" starttime="20230420 12:13:06.571" endtime="20230420 12:13:06.665"/>
</kw>
<kw name="Enter Password" library="LoginPage">
<arg>${password}</arg>
<kw name="Input Password" library="SeleniumLibrary">
<arg>${PASSWORD_LOCATOR}</arg>
<arg>${password}</arg>
<doc>Types the given password into the text field identified by ``locator``.</doc>
<msg timestamp="20230420 12:13:06.666" level="INFO">Typing password into text field 'id=clearPass'.</msg>
<msg timestamp="20230420 12:13:06.701" level="INFO">Temporally setting log level to: NONE</msg>
<msg timestamp="20230420 12:13:06.774" level="INFO">Log level changed from NONE to INFO.</msg>
<status status="PASS" starttime="20230420 12:13:06.665" endtime="20230420 12:13:06.774"/>
</kw>
<status status="PASS" starttime="20230420 12:13:06.665" endtime="20230420 12:13:06.774"/>
</kw>
<kw name="Select Language" library="LoginPage">
<arg>${language}</arg>
<kw name="Select From List By Label" library="SeleniumLibrary">
<arg>${LANGUAGE_LOCATOR}</arg>
<arg>${language}</arg>
<doc>Selects options from selection list ``locator`` by ``labels``.</doc>
<msg timestamp="20230420 12:13:06.775" level="INFO">Selecting options from selection list 'xpath=//select[@name='languageChoice']' by label English (Indian).</msg>
<status status="PASS" starttime="20230420 12:13:06.775" endtime="20230420 12:13:06.853"/>
</kw>
<status status="PASS" starttime="20230420 12:13:06.774" endtime="20230420 12:13:06.853"/>
</kw>
<kw name="Click Login" library="LoginPage">
<kw name="Click Element" library="SeleniumLibrary">
<arg>${LOGIN_LOCATOR}</arg>
<doc>Click the element identified by ``locator``.</doc>
<msg timestamp="20230420 12:13:06.854" level="INFO">Clicking element 'css=#login-button'.</msg>
<status status="PASS" starttime="20230420 12:13:06.854" endtime="20230420 12:13:11.479"/>
</kw>
<status status="PASS" starttime="20230420 12:13:06.853" endtime="20230420 12:13:11.479"/>
</kw>
<kw name="Title Should Be" library="SeleniumLibrary">
<arg>${expected_title}</arg>
<doc>Verifies that the current page title equals ``title``.</doc>
<msg timestamp="20230420 12:13:11.485" level="INFO">Page title is 'OpenEMR'.</msg>
<status status="PASS" starttime="20230420 12:13:11.479" endtime="20230420 12:13:11.485"/>
</kw>
<status status="PASS" starttime="20230420 12:13:06.571" endtime="20230420 12:13:11.485"/>
</kw>
<kw name="Close Browser" library="SeleniumLibrary" type="TEARDOWN">
<doc>Closes the current browser.</doc>
<status status="PASS" starttime="20230420 12:13:11.486" endtime="20230420 12:13:13.627"/>
</kw>
<status status="PASS" starttime="20230420 12:13:00.428" endtime="20230420 12:13:13.627"/>
</test>
<test id="s1-s6-t2" name="TC1" line="15">
<kw name="Launch Browser" library="base" type="SETUP">
<kw name="Open Browser" library="SeleniumLibrary">
<arg>browser=${BROWSER_NAME}</arg>
<doc>Opens a new browser instance to the optional ``url``.</doc>
<msg timestamp="20230420 12:13:13.627" level="INFO">Opening browser 'edge' to base url 'None'.</msg>
<status status="PASS" starttime="20230420 12:13:13.627" endtime="20230420 12:13:14.922"/>
</kw>
<kw name="Maximize Browser Window" library="SeleniumLibrary">
<doc>Maximizes current browser window.</doc>
<status status="PASS" starttime="20230420 12:13:14.923" endtime="20230420 12:13:15.060"/>
</kw>
<kw name="Set Selenium Implicit Wait" library="SeleniumLibrary">
<arg>20s</arg>
<doc>Sets the implicit wait value used by Selenium.</doc>
<status status="PASS" starttime="20230420 12:13:15.060" endtime="20230420 12:13:15.060"/>
</kw>
<kw name="Go To" library="SeleniumLibrary">
<arg>url=${URL}</arg>
<doc>Navigates the current browser window to the provided ``url``.</doc>
<msg timestamp="20230420 12:13:15.060" level="INFO">Opening url 'https://demo.openemr.io/b/openemr/'</msg>
<status status="PASS" starttime="20230420 12:13:15.060" endtime="20230420 12:13:21.376"/>
</kw>
<status status="PASS" starttime="20230420 12:13:13.627" endtime="20230420 12:13:21.377"/>
</kw>
<kw name="Valid Login Template">
<arg>accountant</arg>
<arg>accountant</arg>
<arg>English (Indian)</arg>
<arg>OpenEMR</arg>
<kw name="Enter Username" library="LoginPage">
<arg>${username}</arg>
<kw name="Input Text" library="SeleniumLibrary">
<arg>${USERNAME_LOCATOR}</arg>
<arg>${username}</arg>
<doc>Types the given ``text`` into the text field identified by ``locator``.</doc>
<msg timestamp="20230420 12:13:21.379" level="INFO">Typing text 'accountant' into text field 'id=authUser'.</msg>
<status status="PASS" starttime="20230420 12:13:21.378" endtime="20230420 12:13:21.466"/>
</kw>
<status status="PASS" starttime="20230420 12:13:21.378" endtime="20230420 12:13:21.467"/>
</kw>
<kw name="Enter Password" library="LoginPage">
<arg>${password}</arg>
<kw name="Input Password" library="SeleniumLibrary">
<arg>${PASSWORD_LOCATOR}</arg>
<arg>${password}</arg>
<doc>Types the given password into the text field identified by ``locator``.</doc>
<msg timestamp="20230420 12:13:21.468" level="INFO">Typing password into text field 'id=clearPass'.</msg>
<msg timestamp="20230420 12:13:21.498" level="INFO">Temporally setting log level to: NONE</msg>
<msg timestamp="20230420 12:13:21.565" level="INFO">Log level changed from NONE to INFO.</msg>
<status status="PASS" starttime="20230420 12:13:21.468" endtime="20230420 12:13:21.566"/>
</kw>
<status status="PASS" starttime="20230420 12:13:21.467" endtime="20230420 12:13:21.566"/>
</kw>
<kw name="Select Language" library="LoginPage">
<arg>${language}</arg>
<kw name="Select From List By Label" library="SeleniumLibrary">
<arg>${LANGUAGE_LOCATOR}</arg>
<arg>${language}</arg>
<doc>Selects options from selection list ``locator`` by ``labels``.</doc>
<msg timestamp="20230420 12:13:21.567" level="INFO">Selecting options from selection list 'xpath=//select[@name='languageChoice']' by label English (Indian).</msg>
<status status="PASS" starttime="20230420 12:13:21.566" endtime="20230420 12:13:21.647"/>
</kw>
<status status="PASS" starttime="20230420 12:13:21.566" endtime="20230420 12:13:21.647"/>
</kw>
<kw name="Click Login" library="LoginPage">
<kw name="Click Element" library="SeleniumLibrary">
<arg>${LOGIN_LOCATOR}</arg>
<doc>Click the element identified by ``locator``.</doc>
<msg timestamp="20230420 12:13:21.648" level="INFO">Clicking element 'css=#login-button'.</msg>
<status status="PASS" starttime="20230420 12:13:21.648" endtime="20230420 12:13:26.542"/>
</kw>
<status status="PASS" starttime="20230420 12:13:21.647" endtime="20230420 12:13:26.542"/>
</kw>
<kw name="Title Should Be" library="SeleniumLibrary">
<arg>${expected_title}</arg>
<doc>Verifies that the current page title equals ``title``.</doc>
<msg timestamp="20230420 12:13:26.550" level="INFO">Page title is 'OpenEMR'.</msg>
<status status="PASS" starttime="20230420 12:13:26.542" endtime="20230420 12:13:26.550"/>
</kw>
<status status="PASS" starttime="20230420 12:13:21.377" endtime="20230420 12:13:26.550"/>
</kw>
<kw name="Close Browser" library="SeleniumLibrary" type="TEARDOWN">
<doc>Closes the current browser.</doc>
<status status="PASS" starttime="20230420 12:13:26.550" endtime="20230420 12:13:28.679"/>
</kw>
<status status="PASS" starttime="20230420 12:13:13.627" endtime="20230420 12:13:28.679"/>
</test>
<doc>This helps to understand test template concepts</doc>
<status status="PASS" starttime="20230420 12:13:00.412" endtime="20230420 12:13:28.679"/>
</suite>
<status status="PASS" starttime="20230420 12:11:23.348" endtime="20230420 12:13:28.679"/>
</suite>
<statistics>
<total>
<stat pass="11" fail="0" skip="0">All Tests</stat>
</total>
<tag>
</tag>
<suite>
<stat pass="11" fail="0" skip="0" id="s1" name="Demo1 Basics &amp; Demo2 Valid Login &amp; Demo3 Valid Login &amp; Demo4 Valid Login &amp; Demo5 Csv &amp; Demo6 Csv">Demo1 Basics &amp; Demo2 Valid Login &amp; Demo3 Valid Login &amp; Demo4 Valid Login &amp; Demo5 Csv &amp; Demo6 Csv</stat>
<stat pass="2" fail="0" skip="0" id="s1-s1" name="Demo1 Basics">Demo1 Basics &amp; Demo2 Valid Login &amp; Demo3 Valid Login &amp; Demo4 Valid Login &amp; Demo5 Csv &amp; Demo6 Csv.Demo1 Basics</stat>
<stat pass="1" fail="0" skip="0" id="s1-s2" name="Demo2 Valid Login">Demo1 Basics &amp; Demo2 Valid Login &amp; Demo3 Valid Login &amp; Demo4 Valid Login &amp; Demo5 Csv &amp; Demo6 Csv.Demo2 Valid Login</stat>
<stat pass="2" fail="0" skip="0" id="s1-s3" name="Demo3 Valid Login">Demo1 Basics &amp; Demo2 Valid Login &amp; Demo3 Valid Login &amp; Demo4 Valid Login &amp; Demo5 Csv &amp; Demo6 Csv.Demo3 Valid Login</stat>
<stat pass="2" fail="0" skip="0" id="s1-s4" name="Demo4 Valid Login">Demo1 Basics &amp; Demo2 Valid Login &amp; Demo3 Valid Login &amp; Demo4 Valid Login &amp; Demo5 Csv &amp; Demo6 Csv.Demo4 Valid Login</stat>
<stat pass="2" fail="0" skip="0" id="s1-s5" name="Demo5 Csv">Demo1 Basics &amp; Demo2 Valid Login &amp; Demo3 Valid Login &amp; Demo4 Valid Login &amp; Demo5 Csv &amp; Demo6 Csv.Demo5 Csv</stat>
<stat pass="2" fail="0" skip="0" id="s1-s6" name="Demo6 Csv">Demo1 Basics &amp; Demo2 Valid Login &amp; Demo3 Valid Login &amp; Demo4 Valid Login &amp; Demo5 Csv &amp; Demo6 Csv.Demo6 Csv</stat>
</suite>
</statistics>
<errors>
<msg timestamp="20230420 12:12:20.230" level="WARN">Multiple tests with name 'TC1' executed in suite 'Demo1 Basics &amp; Demo2 Valid Login &amp; Demo3 Valid Login &amp; Demo4 Valid Login &amp; Demo5 Csv &amp; Demo6 Csv.Demo4 Valid Login'.</msg>
<msg timestamp="20230420 12:12:45.793" level="WARN">Multiple tests with name 'TC1' executed in suite 'Demo1 Basics &amp; Demo2 Valid Login &amp; Demo3 Valid Login &amp; Demo4 Valid Login &amp; Demo5 Csv &amp; Demo6 Csv.Demo5 Csv'.</msg>
<msg timestamp="20230420 12:13:13.627" level="WARN">Multiple tests with name 'TC1' executed in suite 'Demo1 Basics &amp; Demo2 Valid Login &amp; Demo3 Valid Login &amp; Demo4 Valid Login &amp; Demo5 Csv &amp; Demo6 Csv.Demo6 Csv'.</msg>
</errors>
</robot>
