<?xml version="1.0" encoding="UTF-8"?>
<robot generator="Robot 6.0.2 (Python 3.11.0 on win32)" generated="20230420 12:05:13.631" rpa="false" schemaversion="3">
<suite id="s1" name="Demo6 Csv" source="C:\Automation Training\RobotProject\selenium_suite\demo6_csv.robot">
<test id="s1-t1" name="TC1" line="15">
<kw name="Launch Browser" library="base" type="SETUP">
<kw name="Open Browser" library="SeleniumLibrary">
<arg>browser=${BROWSER_NAME}</arg>
<doc>Opens a new browser instance to the optional ``url``.</doc>
<msg timestamp="20230420 12:05:14.078" level="INFO">Opening browser 'chrome' to base url 'None'.</msg>
<status status="PASS" starttime="20230420 12:05:14.078" endtime="20230420 12:05:15.472"/>
</kw>
<kw name="Maximize Browser Window" library="SeleniumLibrary">
<doc>Maximizes current browser window.</doc>
<status status="PASS" starttime="20230420 12:05:15.472" endtime="20230420 12:05:15.591"/>
</kw>
<kw name="Set Selenium Implicit Wait" library="SeleniumLibrary">
<arg>20s</arg>
<doc>Sets the implicit wait value used by Selenium.</doc>
<status status="PASS" starttime="20230420 12:05:15.591" endtime="20230420 12:05:15.591"/>
</kw>
<kw name="Go To" library="SeleniumLibrary">
<arg>url=${URL}</arg>
<doc>Navigates the current browser window to the provided ``url``.</doc>
<msg timestamp="20230420 12:05:15.591" level="INFO">Opening url 'https://demo.openemr.io/b/openemr/'</msg>
<status status="PASS" starttime="20230420 12:05:15.591" endtime="20230420 12:05:19.628"/>
</kw>
<status status="PASS" starttime="20230420 12:05:14.078" endtime="20230420 12:05:19.628"/>
</kw>
<kw name="Valid Login Template">
<arg>accountant</arg>
<arg>accountant</arg>
<arg>English (Indian)</arg>
<arg>OpenEMR</arg>
<kw name="Enter Username" library="LoginPage">
<arg>${username}</arg>
<kw name="Input Text" library="SeleniumLibrary">
<arg>${USERNAME_LOCATOR}</arg>
<arg>${username}</arg>
<doc>Types the given ``text`` into the text field identified by ``locator``.</doc>
<msg timestamp="20230420 12:05:19.632" level="INFO">Typing text 'accountant' into text field 'id=authUser'.</msg>
<status status="PASS" starttime="20230420 12:05:19.631" endtime="20230420 12:05:19.717"/>
</kw>
<status status="PASS" starttime="20230420 12:05:19.630" endtime="20230420 12:05:19.718"/>
</kw>
<kw name="Enter Password" library="LoginPage">
<arg>${password}</arg>
<kw name="Input Password" library="SeleniumLibrary">
<arg>${PASSWORD_LOCATOR}</arg>
<arg>${password}</arg>
<doc>Types the given password into the text field identified by ``locator``.</doc>
<msg timestamp="20230420 12:05:19.719" level="INFO">Typing password into text field 'id=clearPass'.</msg>
<msg timestamp="20230420 12:05:19.762" level="INFO">Temporally setting log level to: NONE</msg>
<msg timestamp="20230420 12:05:19.818" level="INFO">Log level changed from NONE to INFO.</msg>
<status status="PASS" starttime="20230420 12:05:19.719" endtime="20230420 12:05:19.818"/>
</kw>
<status status="PASS" starttime="20230420 12:05:19.718" endtime="20230420 12:05:19.819"/>
</kw>
<kw name="Select Language" library="LoginPage">
<arg>${language}</arg>
<kw name="Select From List By Label" library="SeleniumLibrary">
<arg>${LANGUAGE_LOCATOR}</arg>
<arg>${language}</arg>
<doc>Selects options from selection list ``locator`` by ``labels``.</doc>
<msg timestamp="20230420 12:05:19.820" level="INFO">Selecting options from selection list 'xpath=//select[@name='languageChoice']' by label English (Indian).</msg>
<status status="PASS" starttime="20230420 12:05:19.820" endtime="20230420 12:05:19.906"/>
</kw>
<status status="PASS" starttime="20230420 12:05:19.819" endtime="20230420 12:05:19.906"/>
</kw>
<kw name="Click Login" library="LoginPage">
<kw name="Click Element" library="SeleniumLibrary">
<arg>${LOGIN_LOCATOR}</arg>
<doc>Click the element identified by ``locator``.</doc>
<msg timestamp="20230420 12:05:19.908" level="INFO">Clicking element 'css=#login-button'.</msg>
<status status="PASS" starttime="20230420 12:05:19.907" endtime="20230420 12:05:24.537"/>
</kw>
<status status="PASS" starttime="20230420 12:05:19.906" endtime="20230420 12:05:24.538"/>
</kw>
<kw name="Title Should Be" library="SeleniumLibrary">
<arg>${expected_title}</arg>
<doc>Verifies that the current page title equals ``title``.</doc>
<msg timestamp="20230420 12:05:24.545" level="INFO">Page title is 'OpenEMR'.</msg>
<status status="PASS" starttime="20230420 12:05:24.538" endtime="20230420 12:05:24.546"/>
</kw>
<status status="PASS" starttime="20230420 12:05:19.629" endtime="20230420 12:05:24.546"/>
</kw>
<kw name="Close Browser" library="SeleniumLibrary" type="TEARDOWN">
<doc>Closes the current browser.</doc>
<status status="PASS" starttime="20230420 12:05:24.547" endtime="20230420 12:05:26.685"/>
</kw>
<status status="PASS" starttime="20230420 12:05:14.078" endtime="20230420 12:05:26.685"/>
</test>
<test id="s1-t2" name="TC1" line="15">
<kw name="Launch Browser" library="base" type="SETUP">
<kw name="Open Browser" library="SeleniumLibrary">
<arg>browser=${BROWSER_NAME}</arg>
<doc>Opens a new browser instance to the optional ``url``.</doc>
<msg timestamp="20230420 12:05:26.685" level="INFO">Opening browser 'chrome' to base url 'None'.</msg>
<status status="PASS" starttime="20230420 12:05:26.685" endtime="20230420 12:05:28.026"/>
</kw>
<kw name="Maximize Browser Window" library="SeleniumLibrary">
<doc>Maximizes current browser window.</doc>
<status status="PASS" starttime="20230420 12:05:28.026" endtime="20230420 12:05:28.153"/>
</kw>
<kw name="Set Selenium Implicit Wait" library="SeleniumLibrary">
<arg>20s</arg>
<doc>Sets the implicit wait value used by Selenium.</doc>
<status status="PASS" starttime="20230420 12:05:28.153" endtime="20230420 12:05:28.153"/>
</kw>
<kw name="Go To" library="SeleniumLibrary">
<arg>url=${URL}</arg>
<doc>Navigates the current browser window to the provided ``url``.</doc>
<msg timestamp="20230420 12:05:28.153" level="INFO">Opening url 'https://demo.openemr.io/b/openemr/'</msg>
<status status="PASS" starttime="20230420 12:05:28.153" endtime="20230420 12:05:32.001"/>
</kw>
<status status="PASS" starttime="20230420 12:05:26.685" endtime="20230420 12:05:32.002"/>
</kw>
<kw name="Valid Login Template">
<arg>accountant</arg>
<arg>accountant</arg>
<arg>English (Indian)</arg>
<arg>OpenEMR</arg>
<kw name="Enter Username" library="LoginPage">
<arg>${username}</arg>
<kw name="Input Text" library="SeleniumLibrary">
<arg>${USERNAME_LOCATOR}</arg>
<arg>${username}</arg>
<doc>Types the given ``text`` into the text field identified by ``locator``.</doc>
<msg timestamp="20230420 12:05:32.005" level="INFO">Typing text 'accountant' into text field 'id=authUser'.</msg>
<status status="PASS" starttime="20230420 12:05:32.004" endtime="20230420 12:05:32.092"/>
</kw>
<status status="PASS" starttime="20230420 12:05:32.003" endtime="20230420 12:05:32.093"/>
</kw>
<kw name="Enter Password" library="LoginPage">
<arg>${password}</arg>
<kw name="Input Password" library="SeleniumLibrary">
<arg>${PASSWORD_LOCATOR}</arg>
<arg>${password}</arg>
<doc>Types the given password into the text field identified by ``locator``.</doc>
<msg timestamp="20230420 12:05:32.094" level="INFO">Typing password into text field 'id=clearPass'.</msg>
<msg timestamp="20230420 12:05:32.136" level="INFO">Temporally setting log level to: NONE</msg>
<msg timestamp="20230420 12:05:32.198" level="INFO">Log level changed from NONE to INFO.</msg>
<status status="PASS" starttime="20230420 12:05:32.094" endtime="20230420 12:05:32.198"/>
</kw>
<status status="PASS" starttime="20230420 12:05:32.093" endtime="20230420 12:05:32.199"/>
</kw>
<kw name="Select Language" library="LoginPage">
<arg>${language}</arg>
<kw name="Select From List By Label" library="SeleniumLibrary">
<arg>${LANGUAGE_LOCATOR}</arg>
<arg>${language}</arg>
<doc>Selects options from selection list ``locator`` by ``labels``.</doc>
<msg timestamp="20230420 12:05:32.200" level="INFO">Selecting options from selection list 'xpath=//select[@name='languageChoice']' by label English (Indian).</msg>
<status status="PASS" starttime="20230420 12:05:32.200" endtime="20230420 12:05:32.287"/>
</kw>
<status status="PASS" starttime="20230420 12:05:32.199" endtime="20230420 12:05:32.288"/>
</kw>
<kw name="Click Login" library="LoginPage">
<kw name="Click Element" library="SeleniumLibrary">
<arg>${LOGIN_LOCATOR}</arg>
<doc>Click the element identified by ``locator``.</doc>
<msg timestamp="20230420 12:05:32.289" level="INFO">Clicking element 'css=#login-button'.</msg>
<status status="PASS" starttime="20230420 12:05:32.288" endtime="20230420 12:05:37.211"/>
</kw>
<status status="PASS" starttime="20230420 12:05:32.288" endtime="20230420 12:05:37.212"/>
</kw>
<kw name="Title Should Be" library="SeleniumLibrary">
<arg>${expected_title}</arg>
<doc>Verifies that the current page title equals ``title``.</doc>
<msg timestamp="20230420 12:05:37.219" level="INFO">Page title is 'OpenEMR'.</msg>
<status status="PASS" starttime="20230420 12:05:37.212" endtime="20230420 12:05:37.219"/>
</kw>
<status status="PASS" starttime="20230420 12:05:32.002" endtime="20230420 12:05:37.220"/>
</kw>
<kw name="Close Browser" library="SeleniumLibrary" type="TEARDOWN">
<doc>Closes the current browser.</doc>
<status status="PASS" starttime="20230420 12:05:37.220" endtime="20230420 12:05:39.342"/>
</kw>
<status status="PASS" starttime="20230420 12:05:26.685" endtime="20230420 12:05:39.342"/>
</test>
<doc>This helps to understand test template concepts</doc>
<status status="PASS" starttime="20230420 12:05:13.631" endtime="20230420 12:05:39.342"/>
</suite>
<statistics>
<total>
<stat pass="2" fail="0" skip="0">All Tests</stat>
</total>
<tag>
</tag>
<suite>
<stat pass="2" fail="0" skip="0" id="s1" name="Demo6 Csv">Demo6 Csv</stat>
</suite>
</statistics>
<errors>
<msg timestamp="20230420 12:05:26.685" level="WARN">Multiple tests with name 'TC1' executed in suite 'Demo6 Csv'.</msg>
</errors>
</robot>
